2024-03-03 09:43:09 INFO  ClientController:81 - Quang signed in
2024-03-03 09:43:35 INFO  PageVisitor:13 - Quang Visit Shop Sun Mar 03 09:43:35 ICT 2024
2024-03-03 09:50:07 INFO  ClientController:81 - Admin signed in
2024-03-03 09:50:23 INFO  PageVisitor:13 - Admin Visit Shop Sun Mar 03 09:50:23 ICT 2024
2024-03-03 09:50:44 INFO  ClientController:81 - HaNguyen signed in
2024-03-03 09:50:45 INFO  PageVisitor:13 - HaNguyen Visit Shop Sun Mar 03 09:50:45 ICT 2024
2024-03-03 09:53:16 INFO  ClientController:81 - Quang signed in
2024-03-03 09:53:26 INFO  PageVisitor:13 - Quang Visit Shop Sun Mar 03 09:53:26 ICT 2024
2024-03-05 08:46:31 INFO  ClientController:81 - Admin signed in
2024-03-05 08:55:27 INFO  ClientController:84 - QuangHa signed in
2024-03-05 08:55:29 INFO  PageVisitor:13 - QuangHa Visit Shop Tue Mar 05 08:55:29 ICT 2024
2024-03-05 08:55:32 INFO  PageVisitor:13 - QuangHa Visit Shop Tue Mar 05 08:55:32 ICT 2024
2024-03-05 09:02:13 INFO  ClientController:84 - QuangHa signed in
2024-03-05 09:06:01 INFO  ClientController:84 - QuangHa signed in
2024-03-05 09:06:12 INFO  ClientController:84 - Quang signed in
2024-03-05 09:06:16 INFO  ClientController:84 - Quang signed in
2024-03-05 09:06:29 INFO  ClientController:84 - Quang signed in
2024-03-05 09:06:36 INFO  ClientController:84 - Quang signed in
2024-03-05 09:06:40 INFO  ClientController:84 - Quang signed in
2024-03-05 09:06:56 INFO  ClientController:84 - Quang signed in
2024-03-05 09:53:24 INFO  ClientController:84 - QuangHa signed in
2024-03-05 09:54:00 INFO  PageVisitor:13 - QuangHa Visit Shop Tue Mar 05 09:54:00 ICT 2024
2024-03-05 09:54:01 INFO  PageVisitor:13 - QuangHa Visit Shop Tue Mar 05 09:54:01 ICT 2024
2024-03-05 09:54:03 INFO  ClientController:84 - QuangHa signed in
2024-03-05 09:54:05 INFO  ClientController:84 - QuangHa signed in
2024-03-05 09:54:45 INFO  ClientController:84 - HaQuang signed in
2024-03-05 09:54:48 INFO  PageVisitor:13 - HaQuang Visit Shop Tue Mar 05 09:54:48 ICT 2024
2024-03-05 09:54:50 INFO  PageVisitor:13 - HaQuang Visit Shop Tue Mar 05 09:54:50 ICT 2024
2024-03-05 09:55:01 INFO  ClientController:84 - Admin signed in
2024-03-05 09:56:44 INFO  ClientController:84 - HaQuang signed in
2024-03-05 09:57:04 INFO  ClientController:84 - HaQuang signed in
